2026-04-07 19:14:22 - INFO - начинаем парсить паблик vk1.a.2nHw794POcuw7KxUgvWKnsJ7PdcXLFbndGZ0j9jAMZzl3O5QS83fuHhaOpHNdHB34VgVl_wGeNiZSrE09rdEF7HPvfjO1nLfbQkkxLV30Rj02VMwRnkHimeAQFRRMgb2F9Z8KdmwbPAnWqLxPDn4KrTSQOZuZ-deb1FzzL_M0_7FLAE8LtVooHqwYWWMFX-iMosktPPDfd4SjDU6mMvhTg
2026-04-07 19:14:40 - INFO - начинаем парсить паблик vk1.a.2nHw794POcuw7KxUgvWKnsJ7PdcXLFbndGZ0j9jAMZzl3O5QS83fuHhaOpHNdHB34VgVl_wGeNiZSrE09rdEF7HPvfjO1nLfbQkkxLV30Rj02VMwRnkHimeAQFRRMgb2F9Z8KdmwbPAnWqLxPDn4KrTSQOZuZ-deb1FzzL_M0_7FLAE8LtVooHqwYWWMFX-iMosktPPDfd4SjDU6mMvhTg
2026-04-07 19:15:05 - INFO - начинаем парсить паблик vk1.a.2nHw794POcuw7KxUgvWKnsJ7PdcXLFbndGZ0j9jAMZzl3O5QS83fuHhaOpHNdHB34VgVl_wGeNiZSrE09rdEF7HPvfjO1nLfbQkkxLV30Rj02VMwRnkHimeAQFRRMgb2F9Z8KdmwbPAnWqLxPDn4KrTSQOZuZ-deb1FzzL_M0_7FLAE8LtVooHqwYWWMFX-iMosktPPDfd4SjDU6mMvhTg
2026-04-07 19:15:21 - INFO - начинаем парсить паблик vk1.a.2nHw794POcuw7KxUgvWKnsJ7PdcXLFbndGZ0j9jAMZzl3O5QS83fuHhaOpHNdHB34VgVl_wGeNiZSrE09rdEF7HPvfjO1nLfbQkkxLV30Rj02VMwRnkHimeAQFRRMgb2F9Z8KdmwbPAnWqLxPDn4KrTSQOZuZ-deb1FzzL_M0_7FLAE8LtVooHqwYWWMFX-iMosktPPDfd4SjDU6mMvhTg
2026-04-07 19:20:49 - INFO - начинаем парсить паблик vk1.a.2nHw794POcuw7KxUgvWKnsJ7PdcXLFbndGZ0j9jAMZzl3O5QS83fuHhaOpHNdHB34VgVl_wGeNiZSrE09rdEF7HPvfjO1nLfbQkkxLV30Rj02VMwRnkHimeAQFRRMgb2F9Z8KdmwbPAnWqLxPDn4KrTSQOZuZ-deb1FzzL_M0_7FLAE8LtVooHqwYWWMFX-iMosktPPDfd4SjDU6mMvhTg
2026-04-07 19:21:04 - INFO - начинаем парсить паблик vk1.a.2nHw794POcuw7KxUgvWKnsJ7PdcXLFbndGZ0j9jAMZzl3O5QS83fuHhaOpHNdHB34VgVl_wGeNiZSrE09rdEF7HPvfjO1nLfbQkkxLV30Rj02VMwRnkHimeAQFRRMgb2F9Z8KdmwbPAnWqLxPDn4KrTSQOZuZ-deb1FzzL_M0_7FLAE8LtVooHqwYWWMFX-iMosktPPDfd4SjDU6mMvhTg
2026-04-07 19:22:52 - INFO - начинаем парсить паблик vk1.a.2nHw794POcuw7KxUgvWKnsJ7PdcXLFbndGZ0j9jAMZzl3O5QS83fuHhaOpHNdHB34VgVl_wGeNiZSrE09rdEF7HPvfjO1nLfbQkkxLV30Rj02VMwRnkHimeAQFRRMgb2F9Z8KdmwbPAnWqLxPDn4KrTSQOZuZ-deb1FzzL_M0_7FLAE8LtVooHqwYWWMFX-iMosktPPDfd4SjDU6mMvhTg
2026-04-07 19:23:38 - INFO - начинаем парсить паблик vk1.a.2nHw794POcuw7KxUgvWKnsJ7PdcXLFbndGZ0j9jAMZzl3O5QS83fuHhaOpHNdHB34VgVl_wGeNiZSrE09rdEF7HPvfjO1nLfbQkkxLV30Rj02VMwRnkHimeAQFRRMgb2F9Z8KdmwbPAnWqLxPDn4KrTSQOZuZ-deb1FzzL_M0_7FLAE8LtVooHqwYWWMFX-iMosktPPDfd4SjDU6mMvhTg
2026-04-07 19:26:05 - INFO - начинаем парсить паблик vk1.a.1mmSbbhRe5sS89ETsMcLyDlxCqFzDJqMRcXUxvV76rIyt70mEQDQIdAHcopxB_0kGE0sA_XI2qT00nEfxZDnrl9KF9flRxMuKUFEaS9fcygNbOgrCIcrBxvAgf6UIslKifs5ZODxyM2iq_o52t_RskiDF4zGIpfh0jBbOUf6jRmS0KsmSuCjCuIB-5yLkdTWgrxnhc3IVvDVAxgT8PyT1w
2026-04-07 19:28:18 - INFO - начинаем парсить паблик vk1.a.1mmSbbhRe5sS89ETsMcLyDlxCqFzDJqMRcXUxvV76rIyt70mEQDQIdAHcopxB_0kGE0sA_XI2qT00nEfxZDnrl9KF9flRxMuKUFEaS9fcygNbOgrCIcrBxvAgf6UIslKifs5ZODxyM2iq_o52t_RskiDF4zGIpfh0jBbOUf6jRmS0KsmSuCjCuIB-5yLkdTWgrxnhc3IVvDVAxgT8PyT1w
2026-04-07 19:28:27 - INFO - начинаем парсить паблик vk1.a.1mmSbbhRe5sS89ETsMcLyDlxCqFzDJqMRcXUxvV76rIyt70mEQDQIdAHcopxB_0kGE0sA_XI2qT00nEfxZDnrl9KF9flRxMuKUFEaS9fcygNbOgrCIcrBxvAgf6UIslKifs5ZODxyM2iq_o52t_RskiDF4zGIpfh0jBbOUf6jRmS0KsmSuCjCuIB-5yLkdTWgrxnhc3IVvDVAxgT8PyT1w
2026-04-07 19:30:04 - INFO - начинаем парсить паблик vk1.a.1mmSbbhRe5sS89ETsMcLyDlxCqFzDJqMRcXUxvV76rIyt70mEQDQIdAHcopxB_0kGE0sA_XI2qT00nEfxZDnrl9KF9flRxMuKUFEaS9fcygNbOgrCIcrBxvAgf6UIslKifs5ZODxyM2iq_o52t_RskiDF4zGIpfh0jBbOUf6jRmS0KsmSuCjCuIB-5yLkdTWgrxnhc3IVvDVAxgT8PyT1w
2026-04-07 19:30:22 - INFO - начинаем парсить паблик vk1.a.1mmSbbhRe5sS89ETsMcLyDlxCqFzDJqMRcXUxvV76rIyt70mEQDQIdAHcopxB_0kGE0sA_XI2qT00nEfxZDnrl9KF9flRxMuKUFEaS9fcygNbOgrCIcrBxvAgf6UIslKifs5ZODxyM2iq_o52t_RskiDF4zGIpfh0jBbOUf6jRmS0KsmSuCjCuIB-5yLkdTWgrxnhc3IVvDVAxgT8PyT1w
2026-04-07 19:30:42 - INFO - начинаем парсить паблик https://api.vk.com/method/wall.get
2026-04-07 19:30:58 - INFO - начинаем парсить паблик https://api.vk.com/method/wall.get
2026-04-07 20:00:31 - INFO - начинаем парсить паблик https://vk.ru/artfact.products
 
2026-04-07 20:00:31 - INFO - начинаем парсить паблик https://vk.ru/geltekcosmetics

2026-04-07 20:00:32 - INFO - начинаем парсить паблик https://vk.ru/mixit_ru

2026-04-07 20:00:33 - INFO - начинаем парсить паблик https://vk.ru/iconskin

2026-04-07 20:00:34 - INFO - начинаем парсить паблик https://vk.ru/wetty_lab

2026-04-07 20:00:40 - INFO - начинаем парсить паблик https://vk.ru/artfact.products

2026-04-07 20:00:40 - INFO - начинаем парсить паблик https://vk.ru/geltekcosmetics

2026-04-07 20:00:40 - INFO - начинаем парсить паблик https://vk.ru/mixit_ru

2026-04-07 20:00:40 - INFO - начинаем парсить паблик https://vk.ru/iconskin

2026-04-07 20:00:40 - INFO - начинаем парсить паблик https://vk.ru/wetty_lab

2026-04-07 20:00:41 - INFO - начинаем парсить паблик https://vk.com/theu_club
2026-04-07 20:02:48 - INFO - начинаем парсить паблик https://vk.ru/artfact.products
2026-04-07 20:02:49 - INFO - начинаем парсить паблик https://vk.ru/geltekcosmetics
2026-04-07 20:02:50 - INFO - начинаем парсить паблик https://vk.ru/mixit_ru
2026-04-07 20:02:52 - INFO - начинаем парсить паблик https://vk.ru/iconskin
2026-04-07 20:02:53 - INFO - начинаем парсить паблик https://vk.ru/wetty_lab
2026-04-07 20:02:55 - INFO - начинаем парсить паблик https://vk.com/theu_club
2026-04-07 20:10:14 - INFO - начинаем парсить паблик https://vk.ru/artfact.products
2026-04-07 20:17:15 - INFO - начинаем парсить паблик https://vk.ru/artfact.products
2026-04-07 20:17:54 - INFO - начинаем парсить паблик https://vk.ru/artfact.products
2026-04-07 20:20:14 - INFO - начинаем парсить паблик https://vk.ru/artfact.products
2026-04-07 20:20:16 - INFO - Данные сохранены в artfact.products.json
2026-04-07 20:20:16 - INFO - начинаем парсить паблик https://vk.ru/geltekcosmetics
2026-04-07 20:20:17 - INFO - Данные сохранены в geltekcosmetics.json
2026-04-07 20:20:17 - INFO - начинаем парсить паблик https://vk.ru/mixit_ru
2026-04-07 20:20:19 - INFO - Данные сохранены в mixit_ru.json
2026-04-07 20:20:19 - INFO - начинаем парсить паблик https://vk.ru/iconskin
2026-04-07 20:20:20 - INFO - Данные сохранены в iconskin.json
2026-04-07 20:20:20 - INFO - начинаем парсить паблик https://vk.ru/wetty_lab
2026-04-07 20:20:22 - INFO - Данные сохранены в wetty_lab.json
2026-04-07 20:20:22 - INFO - начинаем парсить паблик https://vk.com/theu_club
2026-04-07 20:24:28 - INFO - начинаем парсить паблик https://vk.ru/artfact.products
2026-04-07 20:24:29 - INFO - Данные сохранены в artfact.products.json
2026-04-07 20:24:29 - INFO - начинаем парсить паблик https://vk.ru/geltekcosmetics
2026-04-07 20:24:31 - INFO - Данные сохранены в geltekcosmetics.json
2026-04-07 20:24:31 - INFO - начинаем парсить паблик https://vk.ru/mixit_ru
2026-04-07 20:24:32 - INFO - Данные сохранены в mixit_ru.json
2026-04-07 20:24:32 - INFO - начинаем парсить паблик https://vk.ru/iconskin
2026-04-07 20:24:33 - INFO - Данные сохранены в iconskin.json
2026-04-07 20:24:33 - INFO - начинаем парсить паблик https://vk.ru/wetty_lab
2026-04-07 20:24:34 - INFO - Данные сохранены в wetty_lab.json
2026-04-07 20:24:34 - INFO - начинаем парсить паблик https://vk.com/theu_club
2026-04-07 20:24:36 - INFO - Данные сохранены в theu_club.json
